0 info it worked if it ends with ok
1 verbose cli [ 'C:\\Program Files\\nodejs\\node.exe',
1 verbose cli   'C:\\Program Files\\nodejs\\node_modules\\npm\\bin\\npm-cli.js',
1 verbose cli   'i',
1 verbose cli   'connect-flash' ]
2 info using npm@3.10.10
3 info using node@v6.10.3
4 silly loadCurrentTree Starting
5 silly install loadCurrentTree
6 silly install readLocalPackageData
7 silly fetchPackageMetaData connect-flash
8 silly fetchNamedPackageData connect-flash
9 silly mapToRegistry name connect-flash
10 silly mapToRegistry using default registry
11 silly mapToRegistry registry https://registry.npmjs.org/
12 silly mapToRegistry data Result {
12 silly mapToRegistry   raw: 'connect-flash',
12 silly mapToRegistry   scope: null,
12 silly mapToRegistry   escapedName: 'connect-flash',
12 silly mapToRegistry   name: 'connect-flash',
12 silly mapToRegistry   rawSpec: '',
12 silly mapToRegistry   spec: 'latest',
12 silly mapToRegistry   type: 'tag' }
13 silly mapToRegistry uri https://registry.npmjs.org/connect-flash
14 verbose request uri https://registry.npmjs.org/connect-flash
15 verbose request no auth needed
16 info attempt registry request try #1 at 23:20:07
17 verbose request id 27d4e3e2a1f3c5ca
18 verbose etag W/"595df5ed-1922"
19 verbose lastModified Thu, 06 Jul 2017 08:33:49 GMT
20 http request GET https://registry.npmjs.org/connect-flash
21 http 304 https://registry.npmjs.org/connect-flash
22 verbose headers { date: 'Fri, 14 Jul 2017 20:20:10 GMT',
22 verbose headers   via: '1.1 varnish',
22 verbose headers   'cache-control': 'max-age=300',
22 verbose headers   etag: 'W/"595df5ed-1922"',
22 verbose headers   age: '298',
22 verbose headers   connection: 'keep-alive',
22 verbose headers   'x-served-by': 'cache-hhn1548-HHN',
22 verbose headers   'x-cache': 'HIT',
22 verbose headers   'x-cache-hits': '3',
22 verbose headers   'x-timer': 'S1500063611.843789,VS0,VE0',
22 verbose headers   vary: 'Accept-Encoding, Accept' }
23 silly get cb [ 304,
23 silly get   { date: 'Fri, 14 Jul 2017 20:20:10 GMT',
23 silly get     via: '1.1 varnish',
23 silly get     'cache-control': 'max-age=300',
23 silly get     etag: 'W/"595df5ed-1922"',
23 silly get     age: '298',
23 silly get     connection: 'keep-alive',
23 silly get     'x-served-by': 'cache-hhn1548-HHN',
23 silly get     'x-cache': 'HIT',
23 silly get     'x-cache-hits': '3',
23 silly get     'x-timer': 'S1500063611.843789,VS0,VE0',
23 silly get     vary: 'Accept-Encoding, Accept' } ]
24 verbose etag https://registry.npmjs.org/connect-flash from cache
25 verbose get saving connect-flash to C:\Users\rotem\AppData\Roaming\npm-cache\registry.npmjs.org\connect-flash\.cache.json
26 verbose correctMkdir C:\Users\rotem\AppData\Roaming\npm-cache correctMkdir not in flight; initializing
27 silly install normalizeTree
28 silly loadCurrentTree Finishing
29 silly loadIdealTree Starting
30 silly install loadIdealTree
31 silly cloneCurrentTree Starting
32 silly install cloneCurrentTreeToIdealTree
33 silly cloneCurrentTree Finishing
34 silly loadShrinkwrap Starting
35 silly install loadShrinkwrap
36 verbose stack Error: kill ENOSYS
36 verbose stack     at exports._errnoException (util.js:1018:11)
36 verbose stack     at process.kill (internal/process.js:190:13)
36 verbose stack     at process.listener (C:\Program Files\nodejs\node_modules\npm\node_modules\npmlog\node_modules\gauge\node_modules\signal-exit\index.js:86:15)
36 verbose stack     at emitNone (events.js:91:20)
36 verbose stack     at process.emit (events.js:185:7)
36 verbose stack     at processEmit (C:\Program Files\nodejs\node_modules\npm\node_modules\npmlog\node_modules\gauge\node_modules\signal-exit\index.js:146:32)
36 verbose stack     at processEmit (C:\Program Files\nodejs\node_modules\npm\node_modules\npm-registry-client\node_modules\npmlog\node_modules\gauge\node_modules\signal-exit\index.js:146:32)
36 verbose stack     at Signal.wrap.onsignal (internal/process.js:217:44)
37 verbose cwd C:\Users\rotem\Documents\projects\be\airBNB
38 error Windows_NT 10.0.15063
39 error argv "C:\\Program Files\\nodejs\\node.exe" "C:\\Program Files\\nodejs\\node_modules\\npm\\bin\\npm-cli.js" "i" "connect-flash"
40 error node v6.10.3
41 error npm  v3.10.10
42 error code ENOSYS
43 error errno ENOSYS
44 error syscall kill
45 error kill ENOSYS
46 error If you need help, you may report this error at:
46 error     <https://github.com/npm/npm/issues>
47 verbose exit [ 1, true ]
